04-Jul-2024 10:25:08.327 信息 [main] org.apache.catalina.startup.VersionLoggerListener.log Server.服务器版本: Apache Tomcat/9.0.90
04-Jul-2024 10:25:08.327 信息 [main] org.apache.catalina.startup.VersionLoggerListener.log 服务器构建:        Jun 14 2024 14:45:13 UTC
04-Jul-2024 10:25:08.327 信息 [main] org.apache.catalina.startup.VersionLoggerListener.log 服务器版本号:      9.0.90.0
04-Jul-2024 10:25:08.327 信息 [main] org.apache.catalina.startup.VersionLoggerListener.log 操作系统名称:      Windows 10
04-Jul-2024 10:25:08.327 信息 [main] org.apache.catalina.startup.VersionLoggerListener.log OS.版本:           10.0
04-Jul-2024 10:25:08.327 信息 [main] org.apache.catalina.startup.VersionLoggerListener.log 架构:              amd64
04-Jul-2024 10:25:08.327 信息 [main] org.apache.catalina.startup.VersionLoggerListener.log Java 环境变量:     C:\Program Files\Microsoft\jdk-11.0.12.7-hotspot
04-Jul-2024 10:25:08.327 信息 [main] org.apache.catalina.startup.VersionLoggerListener.log Java虚拟机版本:    11.0.12+7
04-Jul-2024 10:25:08.327 信息 [main] org.apache.catalina.startup.VersionLoggerListener.log JVM.供应商:        Microsoft
04-Jul-2024 10:25:08.327 信息 [main] org.apache.catalina.startup.VersionLoggerListener.log CATALINA_BASE:     D:\Soft\apache-tomcat-9.0.90
04-Jul-2024 10:25:08.327 信息 [main] org.apache.catalina.startup.VersionLoggerListener.log CATALINA_HOME:     D:\Soft\apache-tomcat-9.0.90
04-Jul-2024 10:25:08.342 信息 [main] org.apache.catalina.startup.VersionLoggerListener.log 命令行参数：       --add-opens=java.base/java.lang=ALL-UNNAMED
04-Jul-2024 10:25:08.342 信息 [main] org.apache.catalina.startup.VersionLoggerListener.log 命令行参数：       --add-opens=java.base/java.io=ALL-UNNAMED
04-Jul-2024 10:25:08.342 信息 [main] org.apache.catalina.startup.VersionLoggerListener.log 命令行参数：       --add-opens=java.base/java.util=ALL-UNNAMED
04-Jul-2024 10:25:08.342 信息 [main] org.apache.catalina.startup.VersionLoggerListener.log 命令行参数：       --add-opens=java.base/java.util.concurrent=ALL-UNNAMED
04-Jul-2024 10:25:08.342 信息 [main] org.apache.catalina.startup.VersionLoggerListener.log 命令行参数：       --add-opens=java.rmi/sun.rmi.transport=ALL-UNNAMED
04-Jul-2024 10:25:08.342 信息 [main] org.apache.catalina.startup.VersionLoggerListener.log 命令行参数：       -Djava.util.logging.config.file=D:\Soft\apache-tomcat-9.0.90\conf\logging.properties
04-Jul-2024 10:25:08.342 信息 [main] org.apache.catalina.startup.VersionLoggerListener.log 命令行参数：       -Djava.util.logging.manager=org.apache.juli.ClassLoaderLogManager
04-Jul-2024 10:25:08.342 信息 [main] org.apache.catalina.startup.VersionLoggerListener.log 命令行参数：       -Djdk.tls.ephemeralDHKeySize=2048
04-Jul-2024 10:25:08.342 信息 [main] org.apache.catalina.startup.VersionLoggerListener.log 命令行参数：       -Djava.protocol.handler.pkgs=org.apache.catalina.webresources
04-Jul-2024 10:25:08.342 信息 [main] org.apache.catalina.startup.VersionLoggerListener.log 命令行参数：       -Dignore.endorsed.dirs=
04-Jul-2024 10:25:08.342 信息 [main] org.apache.catalina.startup.VersionLoggerListener.log 命令行参数：       -Dcatalina.base=D:\Soft\apache-tomcat-9.0.90
04-Jul-2024 10:25:08.342 信息 [main] org.apache.catalina.startup.VersionLoggerListener.log 命令行参数：       -Dcatalina.home=D:\Soft\apache-tomcat-9.0.90
04-Jul-2024 10:25:08.342 信息 [main] org.apache.catalina.startup.VersionLoggerListener.log 命令行参数：       -Djava.io.tmpdir=D:\Soft\apache-tomcat-9.0.90\temp
04-Jul-2024 10:25:08.342 信息 [main] org.apache.catalina.core.AprLifecycleListener.lifecycleEvent 使用APR版本[1.7.4]加载了基于APR的Apache Tomcat本机库[1.3.0]。
04-Jul-2024 10:25:08.342 信息 [main] org.apache.catalina.core.AprLifecycleListener.lifecycleEvent APR功能：IPv6[true]、sendfile[true]、accept filters[false]、random[true]、UDS [true]。
04-Jul-2024 10:25:08.342 信息 [main] org.apache.catalina.core.AprLifecycleListener.lifecycleEvent APR/OpenSSL配置：useAprConnector[false]，useOpenSSL[true]
04-Jul-2024 10:25:08.342 信息 [main] org.apache.catalina.core.AprLifecycleListener.initializeSSL OpenSSL成功初始化 [OpenSSL 3.0.13 30 Jan 2024]
04-Jul-2024 10:25:08.546 信息 [main] org.apache.coyote.AbstractProtocol.init 初始化协议处理器 ["http-nio-8080"]
04-Jul-2024 10:25:08.561 严重 [main] org.apache.catalina.util.LifecycleBase.handleSubClassException 初始化组件[Connector["http-nio-8080"]]失败。
	org.apache.catalina.LifecycleException: 协议处理程序初始化失败
		at org.apache.catalina.connector.Connector.initInternal(Connector.java:1012)
		at org.apache.catalina.util.LifecycleBase.init(LifecycleBase.java:122)
		at org.apache.catalina.core.StandardService.initInternal(StandardService.java:525)
		at org.apache.catalina.util.LifecycleBase.init(LifecycleBase.java:122)
		at org.apache.catalina.core.StandardServer.initInternal(StandardServer.java:990)
		at org.apache.catalina.util.LifecycleBase.init(LifecycleBase.java:122)
		at org.apache.catalina.startup.Catalina.load(Catalina.java:686)
		at org.apache.catalina.startup.Catalina.load(Catalina.java:709)
		at java.base/jdk.internal.reflect.NativeMethodAccessorImpl.invoke0(Native Method)
		at java.base/jdk.internal.reflect.NativeMethodAccessorImpl.invoke(NativeMethodAccessorImpl.java:62)
		at java.base/jdk.internal.reflect.DelegatingMethodAccessorImpl.invoke(DelegatingMethodAccessorImpl.java:43)
		at java.base/java.lang.reflect.Method.invoke(Method.java:566)
		at org.apache.catalina.startup.Bootstrap.load(Bootstrap.java:302)
		at org.apache.catalina.startup.Bootstrap.main(Bootstrap.java:472)
	Caused by: java.net.BindException: Address already in use: bind
		at java.base/sun.nio.ch.Net.bind0(Native Method)
		at java.base/sun.nio.ch.Net.bind(Net.java:455)
		at java.base/sun.nio.ch.Net.bind(Net.java:447)
		at java.base/sun.nio.ch.ServerSocketChannelImpl.bind(ServerSocketChannelImpl.java:227)
		at org.apache.tomcat.util.net.NioEndpoint.initServerSocket(NioEndpoint.java:268)
		at org.apache.tomcat.util.net.NioEndpoint.bind(NioEndpoint.java:223)
		at org.apache.tomcat.util.net.AbstractEndpoint.bindWithCleanup(AbstractEndpoint.java:1371)
		at org.apache.tomcat.util.net.AbstractEndpoint.init(AbstractEndpoint.java:1384)
		at org.apache.coyote.AbstractProtocol.init(AbstractProtocol.java:662)
		at org.apache.coyote.http11.AbstractHttp11Protocol.init(AbstractHttp11Protocol.java:75)
		at org.apache.catalina.connector.Connector.initInternal(Connector.java:1010)
		... 13 more
04-Jul-2024 10:25:08.561 信息 [main] org.apache.catalina.startup.Catalina.load 服务器在[398]毫秒内初始化
04-Jul-2024 10:25:08.640 信息 [main] org.apache.catalina.core.StandardService.startInternal 正在启动服务[Catalina]
04-Jul-2024 10:25:08.640 信息 [main] org.apache.catalina.core.StandardEngine.startInternal 正在启动 Servlet 引擎：[Apache Tomcat/9.0.90]
04-Jul-2024 10:25:08.655 信息 [main] org.apache.catalina.startup.HostConfig.deployWAR 正在部署web应用程序存档文件[D:\Soft\apache-tomcat-9.0.90\webapps\demo.war]
04-Jul-2024 10:25:09.032 警告 [main] org.apache.catalina.util.SessionIdGeneratorBase.createSecureRandom 使用[SHA1PRNG]创建会话ID生成的SecureRandom实例花费了[188]毫秒。
04-Jul-2024 10:25:09.048 信息 [main] org.apache.catalina.startup.HostConfig.deployWAR web应用程序存档文件[D:\Soft\apache-tomcat-9.0.90\webapps\demo.war]的部署已在[393]ms内完成
04-Jul-2024 10:25:09.048 信息 [main] org.apache.catalina.startup.HostConfig.deployDirectory 把web 应用程序部署到目录 [D:\Soft\apache-tomcat-9.0.90\webapps\0]
04-Jul-2024 10:25:09.079 信息 [main] org.apache.catalina.startup.HostConfig.deployDirectory Web应用程序目录[D:\Soft\apache-tomcat-9.0.90\webapps\0]的部署已在[31]毫秒内完成
04-Jul-2024 10:25:09.079 信息 [main] org.apache.catalina.startup.HostConfig.deployDirectory 把web 应用程序部署到目录 [D:\Soft\apache-tomcat-9.0.90\webapps\docs]
04-Jul-2024 10:25:09.095 信息 [main] org.apache.catalina.startup.HostConfig.deployDirectory Web应用程序目录[D:\Soft\apache-tomcat-9.0.90\webapps\docs]的部署已在[16]毫秒内完成
04-Jul-2024 10:25:09.095 信息 [main] org.apache.catalina.startup.HostConfig.deployDirectory 把web 应用程序部署到目录 [D:\Soft\apache-tomcat-9.0.90\webapps\examples]
04-Jul-2024 10:25:09.283 信息 [main] org.apache.catalina.startup.HostConfig.deployDirectory Web应用程序目录[D:\Soft\apache-tomcat-9.0.90\webapps\examples]的部署已在[188]毫秒内完成
04-Jul-2024 10:25:09.283 信息 [main] org.apache.catalina.startup.HostConfig.deployDirectory 把web 应用程序部署到目录 [D:\Soft\apache-tomcat-9.0.90\webapps\host-manager]
04-Jul-2024 10:25:09.299 信息 [main] org.apache.catalina.startup.HostConfig.deployDirectory Web应用程序目录[D:\Soft\apache-tomcat-9.0.90\webapps\host-manager]的部署已在[16]毫秒内完成
04-Jul-2024 10:25:09.299 信息 [main] org.apache.catalina.startup.HostConfig.deployDirectory 把web 应用程序部署到目录 [D:\Soft\apache-tomcat-9.0.90\webapps\manager]
04-Jul-2024 10:25:09.315 信息 [main] org.apache.catalina.startup.HostConfig.deployDirectory Web应用程序目录[D:\Soft\apache-tomcat-9.0.90\webapps\manager]的部署已在[16]毫秒内完成
04-Jul-2024 10:25:09.315 信息 [main] org.apache.catalina.startup.HostConfig.deployDirectory 把web 应用程序部署到目录 [D:\Soft\apache-tomcat-9.0.90\webapps\ROOT]
04-Jul-2024 10:25:09.330 信息 [main] org.apache.catalina.startup.HostConfig.deployDirectory Web应用程序目录[D:\Soft\apache-tomcat-9.0.90\webapps\ROOT]的部署已在[15]毫秒内完成
04-Jul-2024 10:25:09.330 信息 [main] org.apache.catalina.startup.Catalina.start [769]毫秒后服务器启动
04-Jul-2024 10:25:09.346 严重 [main] org.apache.catalina.core.StandardServer.await 无法在地址[localhost]和端口[8005]上创建服务器关闭套接字（基本端口[8005]和偏移量[0]）
	java.net.BindException: Address already in use: NET_Bind
		at java.base/java.net.PlainSocketImpl.bind0(Native Method)
		at java.base/java.net.PlainSocketImpl.socketBind(PlainSocketImpl.java:132)
		at java.base/java.net.AbstractPlainSocketImpl.bind(AbstractPlainSocketImpl.java:436)
		at java.base/java.net.ServerSocket.bind(ServerSocket.java:395)
		at java.base/java.net.ServerSocket.<init>(ServerSocket.java:257)
		at org.apache.catalina.core.StandardServer.await(StandardServer.java:541)
		at org.apache.catalina.startup.Catalina.await(Catalina.java:825)
		at org.apache.catalina.startup.Catalina.start(Catalina.java:773)
		at java.base/jdk.internal.reflect.NativeMethodAccessorImpl.invoke0(Native Method)
		at java.base/jdk.internal.reflect.NativeMethodAccessorImpl.invoke(NativeMethodAccessorImpl.java:62)
		at java.base/jdk.internal.reflect.DelegatingMethodAccessorImpl.invoke(DelegatingMethodAccessorImpl.java:43)
		at java.base/java.lang.reflect.Method.invoke(Method.java:566)
		at org.apache.catalina.startup.Bootstrap.start(Bootstrap.java:345)
		at org.apache.catalina.startup.Bootstrap.main(Bootstrap.java:473)
04-Jul-2024 10:25:09.346 信息 [main] org.apache.coyote.AbstractProtocol.pause 暂停ProtocolHandler["http-nio-8080"]
04-Jul-2024 10:25:09.346 信息 [main] org.apache.catalina.core.StandardService.stopInternal 正在停止服务[Catalina]
04-Jul-2024 10:25:09.361 信息 [main] org.apache.coyote.AbstractProtocol.stop 正在停止ProtocolHandler ["http-nio-8080"]
04-Jul-2024 10:25:09.361 信息 [main] org.apache.coyote.AbstractProtocol.destroy 正在摧毁协议处理器 ["http-nio-8080"]
04-Jul-2024 10:25:14.064 信息 [main] org.apache.catalina.startup.VersionLoggerListener.log Server.服务器版本: Apache Tomcat/9.0.90
04-Jul-2024 10:25:14.064 信息 [main] org.apache.catalina.startup.VersionLoggerListener.log 服务器构建:        Jun 14 2024 14:45:13 UTC
04-Jul-2024 10:25:14.064 信息 [main] org.apache.catalina.startup.VersionLoggerListener.log 服务器版本号:      9.0.90.0
04-Jul-2024 10:25:14.064 信息 [main] org.apache.catalina.startup.VersionLoggerListener.log 操作系统名称:      Windows 10
04-Jul-2024 10:25:14.064 信息 [main] org.apache.catalina.startup.VersionLoggerListener.log OS.版本:           10.0
04-Jul-2024 10:25:14.064 信息 [main] org.apache.catalina.startup.VersionLoggerListener.log 架构:              amd64
04-Jul-2024 10:25:14.064 信息 [main] org.apache.catalina.startup.VersionLoggerListener.log Java 环境变量:     C:\Program Files\Microsoft\jdk-11.0.12.7-hotspot
04-Jul-2024 10:25:14.064 信息 [main] org.apache.catalina.startup.VersionLoggerListener.log Java虚拟机版本:    11.0.12+7
04-Jul-2024 10:25:14.064 信息 [main] org.apache.catalina.startup.VersionLoggerListener.log JVM.供应商:        Microsoft
04-Jul-2024 10:25:14.064 信息 [main] org.apache.catalina.startup.VersionLoggerListener.log CATALINA_BASE:     D:\Soft\apache-tomcat-9.0.90
04-Jul-2024 10:25:14.064 信息 [main] org.apache.catalina.startup.VersionLoggerListener.log CATALINA_HOME:     D:\Soft\apache-tomcat-9.0.90
04-Jul-2024 10:25:14.064 信息 [main] org.apache.catalina.startup.VersionLoggerListener.log 命令行参数：       --add-opens=java.base/java.lang=ALL-UNNAMED
04-Jul-2024 10:25:14.064 信息 [main] org.apache.catalina.startup.VersionLoggerListener.log 命令行参数：       --add-opens=java.base/java.io=ALL-UNNAMED
04-Jul-2024 10:25:14.064 信息 [main] org.apache.catalina.startup.VersionLoggerListener.log 命令行参数：       --add-opens=java.base/java.util=ALL-UNNAMED
04-Jul-2024 10:25:14.064 信息 [main] org.apache.catalina.startup.VersionLoggerListener.log 命令行参数：       --add-opens=java.base/java.util.concurrent=ALL-UNNAMED
04-Jul-2024 10:25:14.064 信息 [main] org.apache.catalina.startup.VersionLoggerListener.log 命令行参数：       --add-opens=java.rmi/sun.rmi.transport=ALL-UNNAMED
04-Jul-2024 10:25:14.064 信息 [main] org.apache.catalina.startup.VersionLoggerListener.log 命令行参数：       -Djava.util.logging.config.file=D:\Soft\apache-tomcat-9.0.90\conf\logging.properties
04-Jul-2024 10:25:14.064 信息 [main] org.apache.catalina.startup.VersionLoggerListener.log 命令行参数：       -Djava.util.logging.manager=org.apache.juli.ClassLoaderLogManager
04-Jul-2024 10:25:14.064 信息 [main] org.apache.catalina.startup.VersionLoggerListener.log 命令行参数：       -Djdk.tls.ephemeralDHKeySize=2048
04-Jul-2024 10:25:14.064 信息 [main] org.apache.catalina.startup.VersionLoggerListener.log 命令行参数：       -Djava.protocol.handler.pkgs=org.apache.catalina.webresources
04-Jul-2024 10:25:14.064 信息 [main] org.apache.catalina.startup.VersionLoggerListener.log 命令行参数：       -Dignore.endorsed.dirs=
04-Jul-2024 10:25:14.064 信息 [main] org.apache.catalina.startup.VersionLoggerListener.log 命令行参数：       -Dcatalina.base=D:\Soft\apache-tomcat-9.0.90
04-Jul-2024 10:25:14.064 信息 [main] org.apache.catalina.startup.VersionLoggerListener.log 命令行参数：       -Dcatalina.home=D:\Soft\apache-tomcat-9.0.90
04-Jul-2024 10:25:14.064 信息 [main] org.apache.catalina.startup.VersionLoggerListener.log 命令行参数：       -Djava.io.tmpdir=D:\Soft\apache-tomcat-9.0.90\temp
04-Jul-2024 10:25:14.080 信息 [main] org.apache.catalina.core.AprLifecycleListener.lifecycleEvent 使用APR版本[1.7.4]加载了基于APR的Apache Tomcat本机库[1.3.0]。
04-Jul-2024 10:25:14.080 信息 [main] org.apache.catalina.core.AprLifecycleListener.lifecycleEvent APR功能：IPv6[true]、sendfile[true]、accept filters[false]、random[true]、UDS [true]。
04-Jul-2024 10:25:14.080 信息 [main] org.apache.catalina.core.AprLifecycleListener.lifecycleEvent APR/OpenSSL配置：useAprConnector[false]，useOpenSSL[true]
04-Jul-2024 10:25:14.080 信息 [main] org.apache.catalina.core.AprLifecycleListener.initializeSSL OpenSSL成功初始化 [OpenSSL 3.0.13 30 Jan 2024]
04-Jul-2024 10:25:14.254 信息 [main] org.apache.coyote.AbstractProtocol.init 初始化协议处理器 ["http-nio-8080"]
04-Jul-2024 10:25:14.270 严重 [main] org.apache.catalina.util.LifecycleBase.handleSubClassException 初始化组件[Connector["http-nio-8080"]]失败。
	org.apache.catalina.LifecycleException: 协议处理程序初始化失败
		at org.apache.catalina.connector.Connector.initInternal(Connector.java:1012)
		at org.apache.catalina.util.LifecycleBase.init(LifecycleBase.java:122)
		at org.apache.catalina.core.StandardService.initInternal(StandardService.java:525)
		at org.apache.catalina.util.LifecycleBase.init(LifecycleBase.java:122)
		at org.apache.catalina.core.StandardServer.initInternal(StandardServer.java:990)
		at org.apache.catalina.util.LifecycleBase.init(LifecycleBase.java:122)
		at org.apache.catalina.startup.Catalina.load(Catalina.java:686)
		at org.apache.catalina.startup.Catalina.load(Catalina.java:709)
		at java.base/jdk.internal.reflect.NativeMethodAccessorImpl.invoke0(Native Method)
		at java.base/jdk.internal.reflect.NativeMethodAccessorImpl.invoke(NativeMethodAccessorImpl.java:62)
		at java.base/jdk.internal.reflect.DelegatingMethodAccessorImpl.invoke(DelegatingMethodAccessorImpl.java:43)
		at java.base/java.lang.reflect.Method.invoke(Method.java:566)
		at org.apache.catalina.startup.Bootstrap.load(Bootstrap.java:302)
		at org.apache.catalina.startup.Bootstrap.main(Bootstrap.java:472)
	Caused by: java.net.BindException: Address already in use: bind
		at java.base/sun.nio.ch.Net.bind0(Native Method)
		at java.base/sun.nio.ch.Net.bind(Net.java:455)
		at java.base/sun.nio.ch.Net.bind(Net.java:447)
		at java.base/sun.nio.ch.ServerSocketChannelImpl.bind(ServerSocketChannelImpl.java:227)
		at org.apache.tomcat.util.net.NioEndpoint.initServerSocket(NioEndpoint.java:268)
		at org.apache.tomcat.util.net.NioEndpoint.bind(NioEndpoint.java:223)
		at org.apache.tomcat.util.net.AbstractEndpoint.bindWithCleanup(AbstractEndpoint.java:1371)
		at org.apache.tomcat.util.net.AbstractEndpoint.init(AbstractEndpoint.java:1384)
		at org.apache.coyote.AbstractProtocol.init(AbstractProtocol.java:662)
		at org.apache.coyote.http11.AbstractHttp11Protocol.init(AbstractHttp11Protocol.java:75)
		at org.apache.catalina.connector.Connector.initInternal(Connector.java:1010)
		... 13 more
04-Jul-2024 10:25:14.270 信息 [main] org.apache.catalina.startup.Catalina.load 服务器在[365]毫秒内初始化
04-Jul-2024 10:25:14.317 信息 [main] org.apache.catalina.core.StandardService.startInternal 正在启动服务[Catalina]
04-Jul-2024 10:25:14.317 信息 [main] org.apache.catalina.core.StandardEngine.startInternal 正在启动 Servlet 引擎：[Apache Tomcat/9.0.90]
04-Jul-2024 10:25:14.333 信息 [main] org.apache.catalina.startup.HostConfig.deployWAR 正在部署web应用程序存档文件[D:\Soft\apache-tomcat-9.0.90\webapps\demo.war]
04-Jul-2024 10:25:14.664 警告 [main] org.apache.catalina.util.SessionIdGeneratorBase.createSecureRandom 使用[SHA1PRNG]创建会话ID生成的SecureRandom实例花费了[142]毫秒。
04-Jul-2024 10:25:14.664 信息 [main] org.apache.catalina.startup.HostConfig.deployWAR web应用程序存档文件[D:\Soft\apache-tomcat-9.0.90\webapps\demo.war]的部署已在[331]ms内完成
04-Jul-2024 10:25:14.664 信息 [main] org.apache.catalina.startup.HostConfig.deployDirectory 把web 应用程序部署到目录 [D:\Soft\apache-tomcat-9.0.90\webapps\0]
04-Jul-2024 10:25:14.689 信息 [main] org.apache.catalina.startup.HostConfig.deployDirectory Web应用程序目录[D:\Soft\apache-tomcat-9.0.90\webapps\0]的部署已在[25]毫秒内完成
04-Jul-2024 10:25:14.689 信息 [main] org.apache.catalina.startup.HostConfig.deployDirectory 把web 应用程序部署到目录 [D:\Soft\apache-tomcat-9.0.90\webapps\docs]
04-Jul-2024 10:25:14.696 信息 [main] org.apache.catalina.startup.HostConfig.deployDirectory Web应用程序目录[D:\Soft\apache-tomcat-9.0.90\webapps\docs]的部署已在[7]毫秒内完成
04-Jul-2024 10:25:14.696 信息 [main] org.apache.catalina.startup.HostConfig.deployDirectory 把web 应用程序部署到目录 [D:\Soft\apache-tomcat-9.0.90\webapps\examples]
04-Jul-2024 10:25:14.854 信息 [main] org.apache.catalina.startup.HostConfig.deployDirectory Web应用程序目录[D:\Soft\apache-tomcat-9.0.90\webapps\examples]的部署已在[158]毫秒内完成
04-Jul-2024 10:25:14.854 信息 [main] org.apache.catalina.startup.HostConfig.deployDirectory 把web 应用程序部署到目录 [D:\Soft\apache-tomcat-9.0.90\webapps\host-manager]
04-Jul-2024 10:25:14.870 信息 [main] org.apache.catalina.startup.HostConfig.deployDirectory Web应用程序目录[D:\Soft\apache-tomcat-9.0.90\webapps\host-manager]的部署已在[16]毫秒内完成
04-Jul-2024 10:25:14.870 信息 [main] org.apache.catalina.startup.HostConfig.deployDirectory 把web 应用程序部署到目录 [D:\Soft\apache-tomcat-9.0.90\webapps\manager]
04-Jul-2024 10:25:14.895 信息 [main] org.apache.catalina.startup.HostConfig.deployDirectory Web应用程序目录[D:\Soft\apache-tomcat-9.0.90\webapps\manager]的部署已在[25]毫秒内完成
04-Jul-2024 10:25:14.895 信息 [main] org.apache.catalina.startup.HostConfig.deployDirectory 把web 应用程序部署到目录 [D:\Soft\apache-tomcat-9.0.90\webapps\ROOT]
04-Jul-2024 10:25:14.902 信息 [main] org.apache.catalina.startup.HostConfig.deployDirectory Web应用程序目录[D:\Soft\apache-tomcat-9.0.90\webapps\ROOT]的部署已在[7]毫秒内完成
04-Jul-2024 10:25:14.902 信息 [main] org.apache.catalina.startup.Catalina.start [635]毫秒后服务器启动
04-Jul-2024 10:25:14.918 严重 [main] org.apache.catalina.core.StandardServer.await 无法在地址[localhost]和端口[8005]上创建服务器关闭套接字（基本端口[8005]和偏移量[0]）
	java.net.BindException: Address already in use: NET_Bind
		at java.base/java.net.PlainSocketImpl.bind0(Native Method)
		at java.base/java.net.PlainSocketImpl.socketBind(PlainSocketImpl.java:132)
		at java.base/java.net.AbstractPlainSocketImpl.bind(AbstractPlainSocketImpl.java:436)
		at java.base/java.net.ServerSocket.bind(ServerSocket.java:395)
		at java.base/java.net.ServerSocket.<init>(ServerSocket.java:257)
		at org.apache.catalina.core.StandardServer.await(StandardServer.java:541)
		at org.apache.catalina.startup.Catalina.await(Catalina.java:825)
		at org.apache.catalina.startup.Catalina.start(Catalina.java:773)
		at java.base/jdk.internal.reflect.NativeMethodAccessorImpl.invoke0(Native Method)
		at java.base/jdk.internal.reflect.NativeMethodAccessorImpl.invoke(NativeMethodAccessorImpl.java:62)
		at java.base/jdk.internal.reflect.DelegatingMethodAccessorImpl.invoke(DelegatingMethodAccessorImpl.java:43)
		at java.base/java.lang.reflect.Method.invoke(Method.java:566)
		at org.apache.catalina.startup.Bootstrap.start(Bootstrap.java:345)
		at org.apache.catalina.startup.Bootstrap.main(Bootstrap.java:473)
04-Jul-2024 10:25:14.918 信息 [main] org.apache.coyote.AbstractProtocol.pause 暂停ProtocolHandler["http-nio-8080"]
04-Jul-2024 10:25:14.918 信息 [main] org.apache.catalina.core.StandardService.stopInternal 正在停止服务[Catalina]
04-Jul-2024 10:25:14.934 信息 [main] org.apache.coyote.AbstractProtocol.stop 正在停止ProtocolHandler ["http-nio-8080"]
04-Jul-2024 10:25:14.934 信息 [main] org.apache.coyote.AbstractProtocol.destroy 正在摧毁协议处理器 ["http-nio-8080"]
